<?xml version="1.0" encoding="UTF-8"?>
<!-- Generated by org.testng.reporters.JUnitReportReporter -->
<testsuite hostname="DESKTOP-CM2DMLB" failures="0" tests="4" name="Practice.testNG" time="0.043" errors="0" timestamp="2022-01-26T18:58:54 IST" skipped="0">
  <testcase classname="Practice.testNG" name="a3" time="0.006"/>
  <system-out/>
  <testcase classname="Practice.testNG" name="z" time="0.003"/>
  <system-out/>
  <testcase classname="Practice.testNG" name="b" time="0.007"/>
  <system-out/>
  <testcase classname="Practice.testNG" name="a1" time="0.027"/>
  <system-out/>
</testsuite> <!-- Practice.testNG -->
